<?xml version="1.0" encoding="UTF-8"?>
<testsuite xmlns:xsi="http://www.w3.org/2001/XMLSchema-instance" xsi:noNamespaceSchemaLocation="https://maven.apache.org/surefire/maven-surefire-plugin/xsd/surefire-test-report.xsd" name="com.dmcdev.testing.CalculatorTest" time="0.528" tests="11" errors="0" skipped="0" failures="0">
  <properties>
[...]
</properties>
  <testcase name="addMultiplesIntegers{int, int, int}[1]" classname="com.dmcdev.testing.CalculatorTest" time="0.003"/>
  <testcase name="addMultiplesIntegers{int, int, int}[2]" classname="com.dmcdev.testing.CalculatorTest" time="0.001"/>
  <testcase name="addMultiplesIntegers{int, int, int}[3]" classname="com.dmcdev.testing.CalculatorTest" time="0.001"/>
  <testcase name="testAddTwoPositiveNumbers" classname="com.dmcdev.testing.CalculatorTest" time="0"/>
  <testcase name="testMultiplyByZero{int}[1]" classname="com.dmcdev.testing.CalculatorTest" time="0.001"/>
  <testcase name="testMultiplyByZero{int}[2]" classname="com.dmcdev.testing.CalculatorTest" time="0"/>
  <testcase name="testMultiplyByZero{int}[3]" classname="com.dmcdev.testing.CalculatorTest" time="0"/>
  <testcase name="testMultiplyByZero{int}[4]" classname="com.dmcdev.testing.CalculatorTest" time="0.002"/>
  <testcase name="testMultiplyByZero{int}[5]" classname="com.dmcdev.testing.CalculatorTest" time="0.001"/>
  <testcase name="longCalcul_shouldComputeInLessThan1Second" classname="com.dmcdev.testing.CalculatorTest" time="0.512"/>
  <testcase name="testMultiplyTwoPositiveNumbers" classname="com.dmcdev.testing.CalculatorTest" time="0"/>
</testsuite>